2017-08-21 17:30:23,955 - system - main.py - 280 - INFO - 成功创建了北京总校和上海分校两个校区
2017-08-21 17:30:59,476 - system - main.py - 347 - INFO - 管理员给北京校区添加了Python自动化运维课程
2017-08-21 17:31:18,327 - system - main.py - 347 - INFO - 管理员给北京校区添加了Linux系统运维课程
2017-08-21 17:31:37,499 - system - main.py - 347 - INFO - 管理员给北京校区添加了Python全栈开发课程
2017-08-21 17:32:09,666 - system - main.py - 375 - INFO - 管理员给北京校区添加了Python全栈开发-第一期班级
2017-08-21 17:32:34,517 - system - main.py - 375 - INFO - 管理员给北京校区添加了Linux系统运维-第一期班级
2017-08-21 17:32:55,671 - system - main.py - 375 - INFO - 管理员给北京校区添加了Python自动化运维-第一期班级
2017-08-21 17:33:17,464 - system - main.py - 405 - INFO - 北京校区招聘了alex老师
2017-08-21 17:33:37,030 - system - main.py - 405 - INFO - 北京校区招聘了老男孩老师
2017-08-21 17:33:59,469 - system - main.py - 405 - INFO - 北京校区招聘了linhaifeng老师
2017-08-21 17:35:04,607 - system - main.py - 427 - INFO - 给alex讲师分配了Python自动化运维-第一期班级
2017-08-21 17:35:18,204 - system - main.py - 427 - INFO - 给alex讲师分配了Python全栈开发-第一期班级
2017-08-21 17:35:53,350 - system - main.py - 427 - INFO - 给老男孩讲师分配了Linux系统运维-第一期班级
2017-08-21 17:36:47,126 - system - main.py - 427 - INFO - 给linhaifeng讲师分配了Python自动化运维-第一期班级
2017-08-21 17:51:36,398 - system - main.py - 92 - INFO - 北京校区注册了一位新学生zhonglu
2017-08-21 17:52:05,844 - system - main.py - 92 - INFO - 北京校区注册了一位新学生张三
2017-08-21 17:52:19,907 - system - main.py - 92 - INFO - 北京校区注册了一位新学生李四
2017-08-21 17:54:02,797 - system - main.py - 148 - INFO - 北京校区的学生zhonglu报名参加Linux系统运维-第一期班级的Linux系统运维课程
2017-08-21 17:58:28,976 - system - main.py - 148 - INFO - 北京校区的学生zhonglu报名参加Python自动化运维-第一期班级的Python自动化运维课程
2017-08-21 17:59:24,302 - system - main.py - 148 - INFO - 北京校区的学生张三报名参加Python全栈开发-第一期班级的Python全栈开发课程
2017-08-21 17:59:55,386 - system - main.py - 148 - INFO - 北京校区的学生李四报名参加Linux系统运维-第一期班级的Linux系统运维课程
2017-08-21 18:01:27,639 - system - main.py - 258 - INFO - 北京校区的alex老师将Python自动化运维-第一期班级的学生zhonglu分数修改为80
